#
# A fatal error has been detected by the Java Runtime Environment:
#
#  SIGSEGV (0xb) at pc=0x000000010e6b7174, pid=3990, tid=9219
#
# JRE version: Java(TM) SE Runtime Environment (8.0_45-b14) (build 1.8.0_45-b14)
# Java VM: Java HotSpot(TM) 64-Bit Server VM (25.45-b02 mixed mode bsd-amd64 compressed oops)
# Problematic frame:
# V  [libjvm.dylib+0x2b7174]
#
# Failed to write core dump. Core dumps have been disabled. To enable core dumping, try "ulimit -c unlimited" before starting Java again
#
# If you would like to submit a bug report, please visit:
#   http://bugreport.java.com/bugreport/crash.jsp
#

---------------  T H R E A D  ---------------

Current thread (0x00007ff1f380e800):  GCTaskThread [stack: 0x000070000021d000,0x000070000031d000] [id=9219]

siginfo: si_signo: 11 (SIGSEGV), si_code: 0 (unknown), si_addr: 0x0000000000000000

Registers:
RAX=0x000000011ea80000, RBX=0x00007ff1f3410d40, RCX=0x03ffffffe2000000, RDX=0x1fffffff1000000d
RSP=0x000070000031cc00, RBP=0x000070000031cc20, RSI=0x0000000793eaaa20, RDI=0x00007ff1f3410d40
R8 =0x00000000000015e8, R9 =0x000000010db92000, R10=0x000000010db983a4, R11=0x0000000000000001
R12=0x0000000000000010, R13=0x0000000793eaaa20, R14=0x0000000000000068, R15=0x00007ff1f3410d40
RIP=0x000000010e6b7174, EFLAGS=0x0000000000010206, ERR=0x0000000000000000
  TRAPNO=0x000000000000000d

Top of Stack: (sp=0x000070000031cc00)
0x000070000031cc00:   000070000031cc30 0000000793eaa9d0
0x000070000031cc10:   0000000000000200 00007ff1f3410d40
0x000070000031cc20:   000070000031cc90 000000010e85e964
0x000070000031cc30:   0000000000800010 00007ff1f3410d40
0x000070000031cc40:   000070000031cc70 000000010e6b71b1
0x000070000031cc50:   00007ff1f3410d40 00007ff1f3410d40
0x000070000031cc60:   00000007c06f0b40 0000000793eaa9d0
0x000070000031cc70:   0000000793eaa9d0 000000010ec15520
0x000070000031cc80:   00007ff1f3410d40 00000007c06f79c8
0x000070000031cc90:   000070000031ccc0 000000010e85dd08
0x000070000031cca0:   0000000780207b30 00007ff1f3410d40
0x000070000031ccb0:   00007ff1f3410d48 000000010ec15520
0x000070000031ccc0:   000070000031cd50 000000010e89e232
0x000070000031ccd0:   000070000031cd00 00007ff1f3410d80
0x000070000031cce0:   00007ff1f3410dc8 00007ff1f3410e00
0x000070000031ccf0:   00000007c0033a50 00000007c0033a58
0x000070000031cd00:   0000000793eaa9d0 000000010e6b3b57
0x000070000031cd10:   000070000031cd50 0000000780002cd8
0x000070000031cd20:   0001a1700000e604 0000000000000000
0x000070000031cd30:   000070000031cd80 000000010ec15520
0x000070000031cd40:   00007ff1f3410d40 000070000031cd6c
0x000070000031cd50:   000070000031cdb0 000000010e891cbf
0x000070000031cd60:   00007ff1f49da680 4f77fec70e66bc5d
0x000070000031cd70:   00000007816323a8 0000000000000600
0x000070000031cd80:   0000000780002cd8 00007ff1f380e800
0x000070000031cd90:   0000000000000000 000000010e9ede9b
0x000070000031cda0:   00007ff1f49da680 0000000000000001
0x000070000031cdb0:   000070000031ce90 000000010e66c111
0x000070000031cdc0:   000070000031cdf0 00007ff1f3409ba0
0x000070000031cdd0:   00007ff1f3409bd0 00007ff1f3409be0
0x000070000031cde0:   00007ff1f3409fb8 00000000000003d8
0x000070000031cdf0:   00007ff1f380e800 00007ff1f3409fc0 

Instructions: (pc=0x000000010e6b7174)
0x000000010e6b7154:   10 48 c1 ea 03 48 8d 0d f8 2e 54 00 8a 09 48 d3
0x000000010e6b7164:   ea 48 89 d1 48 83 e1 c0 48 c1 e9 03 48 8b 40 30
0x000000010e6b7174:   48 8b 04 08 48 0f a3 d0 72 5d 4c 89 f7 e8 de c5
0x000000010e6b7184:   ee ff 4c 63 f8 48 8d 3d 10 b6 60 00 4c 89 f6 4c 

Register to memory mapping:

RAX=0x000000011ea80000 is an unknown value
RBX=0x00007ff1f3410d40 is an unknown value
RCX=0x03ffffffe2000000 is an unknown value
RDX=0x1fffffff1000000d is an unknown value
RSP=0x000070000031cc00 is an unknown value
RBP=0x000070000031cc20 is an unknown value
RSI=0x0000000793eaaa20 is pointing into object: 0x0000000793eaa9d0
[Lcom.sun.tools.javac.code.Scope$Entry; 
 - klass: 'com/sun/tools/javac/code/Scope$Entry'[]
 - length: 8388624
RDI=0x00007ff1f3410d40 is an unknown value
R8 =0x00000000000015e8 is an unknown value
R9 =0x000000010db92000 is an unknown value
R10=0x000000010db983a4 is an unknown value
R11=0x0000000000000001 is an unknown value
R12=0x0000000000000010 is an unknown value
R13=0x0000000793eaaa20 is pointing into object: 0x0000000793eaa9d0
[Lcom.sun.tools.javac.code.Scope$Entry; 
 - klass: 'com/sun/tools/javac/code/Scope$Entry'[]
 - length: 8388624
R14=0x0000000000000068 is an unknown value
R15=0x00007ff1f3410d40 is an unknown value


Stack: [0x000070000021d000,0x000070000031d000],  sp=0x000070000031cc00,  free space=1023k
Native frames: (J=compiled Java code, j=interpreted, Vv=VM code, C=native code)
V  [libjvm.dylib+0x2b7174]
V  [libjvm.dylib+0x45e964]
V  [libjvm.dylib+0x45dd08]
V  [libjvm.dylib+0x49e232]
V  [libjvm.dylib+0x491cbf]
V  [libjvm.dylib+0x26c111]
V  [libjvm.dylib+0x46ea7e]
C  [libsystem_pthread.dylib+0x399d]  _pthread_body+0x83
C  [libsystem_pthread.dylib+0x391a]  _pthread_body+0x0
C  [libsystem_pthread.dylib+0x1351]  thread_start+0xd


---------------  P R O C E S S  ---------------

Java Threads: ( => current thread )
  0x00007ff1f9e6a800 JavaThread "process reaper" daemon [_thread_blocked, id=27503, stack(0x0000700000097000,0x00007000000bf000)]
  0x00007ff1f38ea000 JavaThread "pool-33-thread-1" [_thread_blocked, id=22727, stack(0x0000700001707000,0x0000700001807000)]
  0x00007ff1f44c0000 JavaThread "Stdin handler" [_thread_blocked, id=29239, stack(0x00007000014d6000,0x00007000015d6000)]
  0x00007ff1f3b50800 JavaThread "Daemon worker Thread 21" [_thread_blocked, id=63547, stack(0x00007000013d3000,0x00007000014d3000)]
  0x00007ff1f3e5a800 JavaThread "Cancel handler" [_thread_blocked, id=42839, stack(0x00007000012d0000,0x00007000013d0000)]
  0x00007ff1f983c000 JavaThread "Handler for socket connection from /127.0.0.1:65480 to /127.0.0.1:55130" [_thread_in_native, id=48971, stack(0x00007000011cd000,0x00007000012cd000)]
  0x00007ff1f438e000 JavaThread "Daemon Thread 21" [_thread_blocked, id=19827, stack(0x00007000010ca000,0x00007000011ca000)]
  0x00007ff1f7645000 JavaThread "pool-2-thread-2" [_thread_blocked, id=26115, stack(0x0000700001e1c000,0x0000700001f1c000)]
  0x00007ff1f3c96000 JavaThread "pool-2-thread-1" [_thread_blocked, id=25607, stack(0x0000700001d19000,0x0000700001e19000)]
  0x00007ff1f83fc000 JavaThread "pool-2-thread-4" [_thread_blocked, id=25351, stack(0x0000700001c16000,0x0000700001d16000)]
  0x00007ff1f7644000 JavaThread "pool-2-thread-3" [_thread_blocked, id=25095, stack(0x0000700001b13000,0x0000700001c13000)]
  0x00007ff1f3c28000 JavaThread "File lock request listener" [_thread_in_native, id=22787, stack(0x0000700001604000,0x0000700001704000)]
  0x00007ff1f41ae000 JavaThread "Incoming local TCP Connector on port 65480" [_thread_in_native, id=19203, stack(0x0000700000fc7000,0x00007000010c7000)]
  0x00007ff1f384b000 JavaThread "Service Thread" daemon [_thread_blocked, id=18179, stack(0x0000700000dc1000,0x0000700000ec1000)]
  0x00007ff1f3843800 JavaThread "C1 CompilerThread2" daemon [_thread_blocked, id=17667, stack(0x0000700000cbe000,0x0000700000dbe000)]
  0x00007ff1f482c800 JavaThread "C2 CompilerThread1" daemon [_thread_blocked, id=17155, stack(0x0000700000bbb000,0x0000700000cbb000)]
  0x00007ff1f5041800 JavaThread "C2 CompilerThread0" daemon [_thread_blocked, id=16643, stack(0x0000700000ab8000,0x0000700000bb8000)]
  0x00007ff1f482a800 JavaThread "Signal Dispatcher" daemon [_thread_blocked, id=12815, stack(0x00007000009b5000,0x0000700000ab5000)]
  0x00007ff1f3819800 JavaThread "Finalizer" daemon [_thread_blocked, id=12291, stack(0x000070000082f000,0x000070000092f000)]
  0x00007ff1f4801000 JavaThread "Reference Handler" daemon [_thread_blocked, id=11779, stack(0x000070000072c000,0x000070000082c000)]
  0x00007ff1f5002800 JavaThread "main" [_thread_blocked, id=5891, stack(0x000070000011a000,0x000070000021a000)]

Other Threads:
  0x00007ff1f4004800 VMThread [stack: 0x0000700000629000,0x0000700000729000] [id=11267]
  0x00007ff1f503c000 WatcherThread [stack: 0x0000700000ec4000,0x0000700000fc4000] [id=18691]

=>0x00007ff1f380e800 (exited) GCTaskThread [stack: 0x000070000021d000,0x000070000031d000] [id=9219]

VM state:at safepoint (normal execution)

VM Mutex/Monitor currently owned by a thread:  ([mutex/lock_event])
[0x00007ff1f3403e40] Threads_lock - owner thread: 0x00007ff1f4004800
[0x00007ff1f3404340] Heap_lock - owner thread: 0x00007ff1f3b50800

Heap:
 PSYoungGen      total 243200K, used 27076K [0x00000007aab00000, 0x00000007bf900000, 0x00000007c0000000)
  eden space 140800K, 0% used [0x00000007aab00000,0x00000007aab00000,0x00000007b3480000)
  from space 102400K, 26% used [0x00000007b9300000,0x00000007bad71218,0x00000007bf700000)
  to   space 96768K, 0% used [0x00000007b3480000,0x00000007b3480000,0x00000007b9300000)
 ParOldGen       total 604672K, used 558816K [0x0000000780000000, 0x00000007a4e80000, 0x00000007aab00000)
  object space 604672K, 92% used [0x0000000780000000,0x00000007a21b8030,0x00000007a4e80000)
 Metaspace       used 107011K, capacity 113558K, committed 113920K, reserved 1148928K
  class space    used 13301K, capacity 14216K, committed 14336K, reserved 1048576K

Card table byte_map: [0x000000011e729000,0x000000011e92a000] byte_map_base: 0x000000011ab29000

Marking Bits: (ParMarkBitMap*) 0x000000010ecc27a0
 Begin Bits: [0x000000011ea80000, 0x000000011fa80000)
 End Bits:   [0x000000011fa80000, 0x0000000120a80000)

Polling page: 0x000000010db7f000

CodeCache: size=245760Kb used=80244Kb max_used=80265Kb free=165515Kb
 bounds [0x000000010f369000, 0x0000000114269000, 0x000000011e369000]
 total_blobs=20676 nmethods=19885 adapters=702
 compilation: enabled

Compilation events (10 events):
Event: 14352.704 Thread 0x00007ff1f3843800 28585       3       java.io.ObjectInputStream::latestUserDefinedLoader (4 bytes)
Event: 14352.704 Thread 0x00007ff1f3843800 nmethod 28585 0x000000011193b890 code [0x000000011193ba00, 0x000000011193bb68]
Event: 14352.707 Thread 0x00007ff1f5041800 28587       4       android.databinding.tool.util.GenerationalClassUtil$ExtensionFilter::values (10 bytes)
Event: 14352.708 Thread 0x00007ff1f5041800 nmethod 28587 0x000000010ff6e950 code [0x000000010ff6eaa0, 0x000000010ff6eb78]
Event: 14352.767 Thread 0x00007ff1f3843800 28588   !   3       sun.reflect.GeneratedMethodAccessor721::invoke (66 bytes)
Event: 14352.768 Thread 0x00007ff1f3843800 nmethod 28588 0x00000001119fc750 code [0x00000001119fc940, 0x00000001119fd0f8]
Event: 14352.827 Thread 0x00007ff1f3843800 28589       3       org.apache.xerces.impl.XMLDocumentScannerImpl::setProperty (84 bytes)
Event: 14352.828 Thread 0x00007ff1f3843800 nmethod 28589 0x00000001114ade50 code [0x00000001114ae060, 0x00000001114aeeb8]
Event: 14352.828 Thread 0x00007ff1f3843800 28590       3       org.apache.xerces.impl.XMLDocumentFragmentScannerImpl::setProperty (92 bytes)
Event: 14352.829 Thread 0x00007ff1f3843800 nmethod 28590 0x0000000110c00a10 code [0x0000000110c00c40, 0x0000000110c01bd8]

GC Heap History (10 events):
Event: 14167.120 GC heap after
Heap after GC invocations=121 (full 27):
 PSYoungGen      total 232960K, used 63955K [0x00000007aab00000, 0x00000007c0000000, 0x00000007c0000000)
  eden space 129024K, 0% used [0x00000007aab00000,0x00000007aab00000,0x00000007b2900000)
  from space 103936K, 61% used [0x00000007b9300000,0x00000007bd174ff0,0x00000007bf880000)
  to   space 108544K, 0% used [0x00000007b2900000,0x00000007b2900000,0x00000007b9300000)
 ParOldGen       total 604672K, used 423289K [0x0000000780000000, 0x00000007a4e80000, 0x00000007aab00000)
  object space 604672K, 70% used [0x0000000780000000,0x0000000799d5e590,0x00000007a4e80000)
 Metaspace       used 102268K, capacity 108558K, committed 108672K, reserved 1144832K
  class space    used 12749K, capacity 13614K, committed 13696K, reserved 1048576K
}
Event: 14180.713 GC heap before
{Heap before GC invocations=122 (full 27):
 PSYoungGen      total 232960K, used 192979K [0x00000007aab00000, 0x00000007c0000000, 0x00000007c0000000)
  eden space 129024K, 100% used [0x00000007aab00000,0x00000007b2900000,0x00000007b2900000)
  from space 103936K, 61% used [0x00000007b9300000,0x00000007bd174ff0,0x00000007bf880000)
  to   space 108544K, 0% used [0x00000007b2900000,0x00000007b2900000,0x00000007b9300000)
 ParOldGen       total 604672K, used 423289K [0x0000000780000000, 0x00000007a4e80000, 0x00000007aab00000)
  object space 604672K, 70% used [0x0000000780000000,0x0000000799d5e590,0x00000007a4e80000)
 Metaspace       used 102367K, capacity 108734K, committed 108928K, reserved 1144832K
  class space    used 12759K, capacity 13626K, committed 13696K, reserved 1048576K
Event: 14180.782 GC heap after
Heap after GC invocations=122 (full 27):
 PSYoungGen      total 237568K, used 6792K [0x00000007aab00000, 0x00000007bff80000, 0x00000007c0000000)
  eden space 129024K, 0% used [0x00000007aab00000,0x00000007aab00000,0x00000007b2900000)
  from space 108544K, 6% used [0x00000007b2900000,0x00000007b2fa2188,0x00000007b9300000)
  to   space 105984K, 0% used [0x00000007b9800000,0x00000007b9800000,0x00000007bff80000)
 ParOldGen       total 604672K, used 480871K [0x0000000780000000, 0x00000007a4e80000, 0x00000007aab00000)
  object space 604672K, 79% used [0x0000000780000000,0x000000079d599e90,0x00000007a4e80000)
 Metaspace       used 102367K, capacity 108734K, committed 108928K, reserved 1144832K
  class space    used 12759K, capacity 13626K, committed 13696K, reserved 1048576K
}
Event: 14182.041 GC heap before
{Heap before GC invocations=123 (full 27):
 PSYoungGen      total 237568K, used 135816K [0x00000007aab00000, 0x00000007bff80000, 0x00000007c0000000)
  eden space 129024K, 100% used [0x00000007aab00000,0x00000007b2900000,0x00000007b2900000)
  from space 108544K, 6% used [0x00000007b2900000,0x00000007b2fa2188,0x00000007b9300000)
  to   space 105984K, 0% used [0x00000007b9800000,0x00000007b9800000,0x00000007bff80000)
 ParOldGen       total 604672K, used 480871K [0x0000000780000000, 0x00000007a4e80000, 0x00000007aab00000)
  object space 604672K, 79% used [0x0000000780000000,0x000000079d599e90,0x00000007a4e80000)
 Metaspace       used 105801K, capacity 112236K, committed 112384K, reserved 1146880K
  class space    used 13104K, capacity 13997K, committed 14080K, reserved 1048576K
Event: 14182.094 GC heap after
Heap after GC invocations=123 (full 27):
 PSYoungGen      total 239104K, used 56787K [0x00000007aab00000, 0x00000007c0000000, 0x00000007c0000000)
  eden space 133120K, 0% used [0x00000007aab00000,0x00000007aab00000,0x00000007b2d00000)
  from space 105984K, 53% used [0x00000007b9800000,0x00000007bcf74f80,0x00000007bff80000)
  to   space 108032K, 0% used [0x00000007b2d00000,0x00000007b2d00000,0x00000007b9680000)
 ParOldGen       total 604672K, used 486778K [0x0000000780000000, 0x00000007a4e80000, 0x00000007aab00000)
  object space 604672K, 80% used [0x0000000780000000,0x000000079db5eac8,0x00000007a4e80000)
 Metaspace       used 105801K, capacity 112236K, committed 112384K, reserved 1146880K
  class space    used 13104K, capacity 13997K, committed 14080K, reserved 1048576K
}
Event: 14347.201 GC heap before
{Heap before GC invocations=124 (full 27):
 PSYoungGen      total 239104K, used 189907K [0x00000007aab00000, 0x00000007c0000000, 0x00000007c0000000)
  eden space 133120K, 100% used [0x00000007aab00000,0x00000007b2d00000,0x00000007b2d00000)
  from space 105984K, 53% used [0x00000007b9800000,0x00000007bcf74f80,0x00000007bff80000)
  to   space 108032K, 0% used [0x00000007b2d00000,0x00000007b2d00000,0x00000007b9680000)
 ParOldGen       total 604672K, used 486778K [0x0000000780000000, 0x00000007a4e80000, 0x00000007aab00000)
  object space 604672K, 80% used [0x0000000780000000,0x000000079db5eac8,0x00000007a4e80000)
 Metaspace       used 106527K, capacity 112970K, committed 113280K, reserved 1148928K
  class space    used 13255K, capacity 14134K, committed 14208K, reserved 1048576K
Event: 14347.323 GC heap after
Heap after GC invocations=124 (full 27):
 PSYoungGen      total 155648K, used 22158K [0x00000007aab00000, 0x00000007bf700000, 0x00000007c0000000)
  eden space 133120K, 0% used [0x00000007aab00000,0x00000007aab00000,0x00000007b2d00000)
  from space 22528K, 98% used [0x00000007b2d00000,0x00000007b42a38e8,0x00000007b4300000)
  to   space 102400K, 0% used [0x00000007b9300000,0x00000007b9300000,0x00000007bf700000)
 ParOldGen       total 604672K, used 538109K [0x0000000780000000, 0x00000007a4e80000, 0x00000007aab00000)
  object space 604672K, 88% used [0x0000000780000000,0x00000007a0d7f568,0x00000007a4e80000)
 Metaspace       used 106527K, capacity 112970K, committed 113280K, reserved 1148928K
  class space    used 13255K, capacity 14134K, committed 14208K, reserved 1048576K
}
Event: 14352.894 GC heap before
{Heap before GC invocations=125 (full 27):
 PSYoungGen      total 155648K, used 155277K [0x00000007aab00000, 0x00000007bf700000, 0x00000007c0000000)
  eden space 133120K, 99% used [0x00000007aab00000,0x00000007b2cffbf8,0x00000007b2d00000)
  from space 22528K, 98% used [0x00000007b2d00000,0x00000007b42a38e8,0x00000007b4300000)
  to   space 102400K, 0% used [0x00000007b9300000,0x00000007b9300000,0x00000007bf700000)
 ParOldGen       total 604672K, used 538109K [0x0000000780000000, 0x00000007a4e80000, 0x00000007aab00000)
  object space 604672K, 88% used [0x0000000780000000,0x00000007a0d7f568,0x00000007a4e80000)
 Metaspace       used 107011K, capacity 113558K, committed 113920K, reserved 1148928K
  class space    used 13301K, capacity 14216K, committed 14336K, reserved 1048576K
Event: 14352.957 GC heap after
Heap after GC invocations=125 (full 27):
 PSYoungGen      total 243200K, used 27076K [0x00000007aab00000, 0x00000007bf900000, 0x00000007c0000000)
  eden space 140800K, 0% used [0x00000007aab00000,0x00000007aab00000,0x00000007b3480000)
  from space 102400K, 26% used [0x00000007b9300000,0x00000007bad71218,0x00000007bf700000)
  to   space 96768K, 0% used [0x00000007b3480000,0x00000007b3480000,0x00000007b9300000)
 ParOldGen       total 604672K, used 558816K [0x0000000780000000, 0x00000007a4e80000, 0x00000007aab00000)
  object space 604672K, 92% used [0x0000000780000000,0x00000007a21b8030,0x00000007a4e80000)
 Metaspace       used 107011K, capacity 113558K, committed 113920K, reserved 1148928K
  class space    used 13301K, capacity 14216K, committed 14336K, reserved 1048576K
}
Event: 14352.957 GC heap before
{Heap before GC invocations=126 (full 28):
 PSYoungGen      total 243200K, used 27076K [0x00000007aab00000, 0x00000007bf900000, 0x00000007c0000000)
  eden space 140800K, 0% used [0x00000007aab00000,0x00000007aab00000,0x00000007b3480000)
  from space 102400K, 26% used [0x00000007b9300000,0x00000007bad71218,0x00000007bf700000)
  to   space 96768K, 0% used [0x00000007b3480000,0x00000007b3480000,0x00000007b9300000)
 ParOldGen       total 604672K, used 558816K [0x0000000780000000, 0x00000007a4e80000, 0x00000007aab00000)
  object space 604672K, 92% used [0x0000000780000000,0x00000007a21b8030,0x00000007a4e80000)
 Metaspace       used 107011K, capacity 113558K, committed 113920K, reserved 1148928K
  class space    used 13301K, capacity 14216K, committed 14336K, reserved 1048576K

Deoptimization events (10 events):
Event: 13934.365 Thread 0x00007ff1f4884000 Uncommon trap: reason=class_check action=maybe_recompile pc=0x0000000110743604 method=java.util.AbstractSet.removeAll(Ljava/util/Collection;)Z @ 21
Event: 14082.663 Thread 0x00007ff1fa78c000 Uncommon trap: reason=unstable_if action=reinterpret pc=0x000000010fcb2320 method=sun.nio.cs.UTF_8$Decoder.decodeArrayLoop(Ljava/nio/ByteBuffer;Ljava/nio/CharBuffer;)Ljava/nio/charset/CoderResult; @ 280
Event: 14082.698 Thread 0x00007ff1fa78c000 Uncommon trap: reason=unstable_if action=reinterpret pc=0x00000001105bb8e0 method=java.lang.Character.isSurrogate(C)Z @ 3
Event: 14083.157 Thread 0x00007ff1fa78c000 Uncommon trap: reason=array_check action=maybe_recompile pc=0x000000011391bec4 method=com.google.common.collect.SingletonImmutableList.copyIntoArray([Ljava/lang/Object;I)I @ 6
Event: 14088.454 Thread 0x00007ff1fa78c000 Uncommon trap: reason=bimorphic action=maybe_recompile pc=0x00000001115f5cc4 method=java.util.HashMap.removeNode(ILjava/lang/Object;Ljava/lang/Object;ZZ)Ljava/util/HashMap$Node; @ 143
Event: 14088.882 Thread 0x00007ff1fa78c000 Uncommon trap: reason=bimorphic action=maybe_recompile pc=0x00000001108afd90 method=java.util.HashMap.removeNode(ILjava/lang/Object;Ljava/lang/Object;ZZ)Ljava/util/HashMap$Node; @ 143
Event: 14348.427 Thread 0x00007ff1f3b50800 Uncommon trap: reason=class_check action=maybe_recompile pc=0x00000001111063c0 method=org.gradle.api.internal.tasks.DefaultTaskContainer.create(Ljava/lang/String;Ljava/lang/Class;)Lorg/gradle/api/Task; @ 33
Event: 14348.428 Thread 0x00007ff1f3b50800 Uncommon trap: reason=class_check action=maybe_recompile pc=0x00000001111063c0 method=org.gradle.api.internal.tasks.DefaultTaskContainer.create(Ljava/lang/String;Ljava/lang/Class;)Lorg/gradle/api/Task; @ 33
Event: 14348.428 Thread 0x00007ff1f3b50800 Uncommon trap: reason=class_check action=maybe_recompile pc=0x00000001111063c0 method=org.gradle.api.internal.tasks.DefaultTaskContainer.create(Ljava/lang/String;Ljava/lang/Class;)Lorg/gradle/api/Task; @ 33
Event: 14348.428 Thread 0x00007ff1f3b50800 Uncommon trap: reason=class_check action=maybe_recompile pc=0x00000001111063c0 method=org.gradle.api.internal.tasks.DefaultTaskContainer.create(Ljava/lang/String;Ljava/lang/Class;)Lorg/gradle/api/Task; @ 33

Internal exceptions (10 events):
Event: 14163.863 Thread 0x00007ff1fa78c000 Exception <a 'java/lang/ClassNotFoundException': asLocalRepo82_2b5w47zictdvsl5f5iu8fyg4hCustomizer> (0x00000007af745348) thrown at [/Users/java_re/workspace/8-2-build-macosx-x86_64/jdk8u45/3457/hotspot/src/share/vm/classfile/systemDictionary.cpp, line 210
Event: 14166.234 Thread 0x00007ff1fa78c000 Exception <a 'java/lang/NoSuchMethodError': <clinit>> (0x00000007b218c8d0) thrown at [/Users/java_re/workspace/8-2-build-macosx-x86_64/jdk8u45/3457/hotspot/src/share/vm/prims/jni.cpp, line 1598]
Event: 14166.507 Thread 0x00007ff1fa78c000 Exception <a 'java/lang/ClassNotFoundException': com/sun/org/glassfish/hk2/osgiresourcelocator/ServiceLoader> (0x00000007adb4d728) thrown at [/Users/java_re/workspace/8-2-build-macosx-x86_64/jdk8u45/3457/hotspot/src/share/vm/classfile/systemDictionary.cpp
Event: 14180.174 Thread 0x00007ff1fa78c000 Exception <a 'java/lang/ClassNotFoundException': asLocalRepo83_davc4n3gck6hucj0p1mzl0rddBeanInfo> (0x00000007abfeac28) thrown at [/Users/java_re/workspace/8-2-build-macosx-x86_64/jdk8u45/3457/hotspot/src/share/vm/classfile/systemDictionary.cpp, line 210]
Event: 14180.175 Thread 0x00007ff1fa78c000 Exception <a 'java/lang/ClassNotFoundException': asLocalRepo83_davc4n3gck6hucj0p1mzl0rddCustomizer> (0x00000007abff3bc0) thrown at [/Users/java_re/workspace/8-2-build-macosx-x86_64/jdk8u45/3457/hotspot/src/share/vm/classfile/systemDictionary.cpp, line 210
Event: 14181.463 Thread 0x00007ff1fa78c000 Exception <a 'java/lang/NoSuchMethodError': <clinit>> (0x00000007ae3a6e80) thrown at [/Users/java_re/workspace/8-2-build-macosx-x86_64/jdk8u45/3457/hotspot/src/share/vm/prims/jni.cpp, line 1598]
Event: 14181.723 Thread 0x00007ff1fa78c000 Exception <a 'java/lang/ClassNotFoundException': com/sun/org/glassfish/hk2/osgiresourcelocator/ServiceLoader> (0x00000007b1a9bde8) thrown at [/Users/java_re/workspace/8-2-build-macosx-x86_64/jdk8u45/3457/hotspot/src/share/vm/classfile/systemDictionary.cpp
Event: 14345.877 Thread 0x00007ff1f3b50800 Exception <a 'java/lang/ClassNotFoundException': asLocalRepo84_dt7b3xieegpfdz1g8kgs0kbqeBeanInfo> (0x00000007afdb3830) thrown at [/Users/java_re/workspace/8-2-build-macosx-x86_64/jdk8u45/3457/hotspot/src/share/vm/classfile/systemDictionary.cpp, line 210]
Event: 14345.877 Thread 0x00007ff1f3b50800 Exception <a 'java/lang/ClassNotFoundException': asLocalRepo84_dt7b3xieegpfdz1g8kgs0kbqeCustomizer> (0x00000007afdbc7c8) thrown at [/Users/java_re/workspace/8-2-build-macosx-x86_64/jdk8u45/3457/hotspot/src/share/vm/classfile/systemDictionary.cpp, line 210
Event: 14352.695 Thread 0x00007ff1f3b50800 Exception <a 'java/lang/NoSuchMethodError': <clinit>> (0x00000007b1f5ce58) thrown at [/Users/java_re/workspace/8-2-build-macosx-x86_64/jdk8u45/3457/hotspot/src/share/vm/prims/jni.cpp, line 1598]

Events (10 events):
Event: 14352.821 loading class android/databinding/tool/reflection/SdkUtil$ApiChecker done
Event: 14352.822 loading class org/apache/commons/io/FileUtils
Event: 14352.822 loading class org/apache/commons/io/FileUtils done
Event: 14352.824 loading class org/apache/commons/io/filefilter/IOFileFilter
Event: 14352.824 loading class org/apache/commons/io/filefilter/IOFileFilter done
Event: 14352.824 loading class org/apache/commons/io/FileExistsException
Event: 14352.824 loading class org/apache/commons/io/FileExistsException done
Event: 14352.826 loading class org/apache/commons/io/output/NullOutputStream
Event: 14352.826 loading class org/apache/commons/io/output/NullOutputStream done
Event: 14352.893 Executing VM operation: ParallelGCFailedAllocation


Dynamic libraries:
0x0000000006735000 	/System/Library/Frameworks/Cocoa.framework/Versions/A/Cocoa
0x0000000006735000 	/System/Library/Frameworks/Security.framework/Versions/A/Security
0x0000000006735000 	/System/Library/Frameworks/ApplicationServices.framework/Versions/A/ApplicationServices
0x0000000006735000 	/usr/lib/libz.1.dylib
0x0000000006735000 	/usr/lib/libSystem.B.dylib
0x0000000006735000 	/usr/lib/libobjc.A.dylib
0x0000000006735000 	/System/Library/Frameworks/CoreFoundation.framework/Versions/A/CoreFoundation
0x0000000006735000 	/System/Library/Frameworks/Foundation.framework/Versions/C/Foundation
0x0000000006735000 	/System/Library/Frameworks/AppKit.framework/Versions/C/AppKit
0x0000000006735000 	/System/Library/Frameworks/CoreData.framework/Versions/A/CoreData
0x0000000006735000 	/System/Library/PrivateFrameworks/RemoteViewServices.framework/Versions/A/RemoteViewServices
0x0000000006735000 	/System/Library/PrivateFrameworks/UIFoundation.framework/Versions/A/UIFoundation
0x0000000006735000 	/usr/lib/libScreenReader.dylib
0x0000000006735000 	/System/Library/Frameworks/Accelerate.framework/Versions/A/Accelerate
0x0000000006735000 	/System/Library/Frameworks/IOSurface.framework/Versions/A/IOSurface
0x0000000006735000 	/System/Library/Frameworks/AudioToolbox.framework/Versions/A/AudioToolbox
0x0000000006735000 	/System/Library/Frameworks/AudioUnit.framework/Versions/A/AudioUnit
0x0000000006735000 	/System/Library/PrivateFrameworks/DataDetectorsCore.framework/Versions/A/DataDetectorsCore
0x0000000006735000 	/System/Library/PrivateFrameworks/DesktopServicesPriv.framework/Versions/A/DesktopServicesPriv
0x0000000006735000 	/System/Library/Frameworks/Carbon.framework/Versions/A/Frameworks/HIToolbox.framework/Versions/A/HIToolbox
0x0000000006735000 	/System/Library/Frameworks/QuartzCore.framework/Versions/A/QuartzCore
0x0000000006735000 	/System/Library/Frameworks/Carbon.framework/Versions/A/Frameworks/SpeechRecognition.framework/Versions/A/SpeechRecognition
0x0000000006735000 	/usr/lib/libauto.dylib
0x0000000006735000 	/usr/lib/libicucore.A.dylib
0x0000000006735000 	/usr/lib/libxml2.2.dylib
0x0000000006735000 	/System/Library/PrivateFrameworks/CoreUI.framework/Versions/A/CoreUI
0x0000000006735000 	/System/Library/Frameworks/CoreAudio.framework/Versions/A/CoreAudio
0x0000000006735000 	/System/Library/Frameworks/DiskArbitration.framework/Versions/A/DiskArbitration
0x0000000006735000 	/usr/lib/liblangid.dylib
0x0000000006735000 	/System/Library/PrivateFrameworks/MultitouchSupport.framework/Versions/A/MultitouchSupport
0x0000000006735000 	/System/Library/Frameworks/IOKit.framework/Versions/A/IOKit
0x0000000006735000 	/usr/lib/libDiagnosticMessagesClient.dylib
0x0000000006735000 	/System/Library/Frameworks/CoreServices.framework/Versions/A/CoreServices
0x0000000006735000 	/System/Library/PrivateFrameworks/PerformanceAnalysis.framework/Versions/A/PerformanceAnalysis
0x0000000006735000 	/System/Library/PrivateFrameworks/GenerationalStorage.framework/Versions/A/GenerationalStorage
0x0000000006735000 	/System/Library/Frameworks/OpenGL.framework/Versions/A/OpenGL
0x0000000006735000 	/System/Library/PrivateFrameworks/Sharing.framework/Versions/A/Sharing
0x0000000006735000 	/System/Library/Frameworks/CoreGraphics.framework/Versions/A/CoreGraphics
0x0000000006735000 	/System/Library/Frameworks/CoreImage.framework/Versions/A/CoreImage
0x0000000006735000 	/System/Library/Frameworks/CoreText.framework/Versions/A/CoreText
0x0000000006735000 	/System/Library/Frameworks/ImageIO.framework/Versions/A/ImageIO
0x0000000006735000 	/System/Library/PrivateFrameworks/Backup.framework/Versions/A/Backup
0x0000000006735000 	/usr/lib/libextension.dylib
0x0000000006735000 	/usr/lib/libarchive.2.dylib
0x0000000006735000 	/System/Library/Frameworks/CFNetwork.framework/Versions/A/CFNetwork
0x0000000006735000 	/System/Library/Frameworks/SystemConfiguration.framework/Versions/A/SystemConfiguration
0x0000000006735000 	/usr/lib/libCRFSuite.dylib
0x0000000006735000 	/usr/lib/libc++.1.dylib
0x0000000006735000 	/usr/lib/libc++abi.dylib
0x0000000006735000 	/usr/lib/system/libcache.dylib
0x0000000006735000 	/usr/lib/system/libcommonCrypto.dylib
0x0000000006735000 	/usr/lib/system/libcompiler_rt.dylib
0x0000000006735000 	/usr/lib/system/libcopyfile.dylib
0x0000000006735000 	/usr/lib/system/libcorecrypto.dylib
0x0000000006735000 	/usr/lib/system/libdispatch.dylib
0x0000000006735000 	/usr/lib/system/libdyld.dylib
0x0000000006735000 	/usr/lib/system/libkeymgr.dylib
0x0000000006735000 	/usr/lib/system/liblaunch.dylib
0x0000000006735000 	/usr/lib/system/libmacho.dylib
0x0000000006735000 	/usr/lib/system/libquarantine.dylib
0x0000000006735000 	/usr/lib/system/libremovefile.dylib
0x0000000006735000 	/usr/lib/system/libsystem_asl.dylib
0x0000000006735000 	/usr/lib/system/libsystem_blocks.dylib
0x0000000006735000 	/usr/lib/system/libsystem_c.dylib
0x0000000006735000 	/usr/lib/system/libsystem_configuration.dylib
0x0000000006735000 	/usr/lib/system/libsystem_coreservices.dylib
0x0000000006735000 	/usr/lib/system/libsystem_coretls.dylib
0x0000000006735000 	/usr/lib/system/libsystem_dnssd.dylib
0x0000000006735000 	/usr/lib/system/libsystem_info.dylib
0x0000000006735000 	/usr/lib/system/libsystem_kernel.dylib
0x0000000006735000 	/usr/lib/system/libsystem_m.dylib
0x0000000006735000 	/usr/lib/system/libsystem_malloc.dylib
0x0000000006735000 	/usr/lib/system/libsystem_network.dylib
0x0000000006735000 	/usr/lib/system/libsystem_networkextension.dylib
0x0000000006735000 	/usr/lib/system/libsystem_notify.dylib
0x0000000006735000 	/usr/lib/system/libsystem_platform.dylib
0x0000000006735000 	/usr/lib/system/libsystem_pthread.dylib
0x0000000006735000 	/usr/lib/system/libsystem_sandbox.dylib
0x0000000006735000 	/usr/lib/system/libsystem_secinit.dylib
0x0000000006735000 	/usr/lib/system/libsystem_trace.dylib
0x0000000006735000 	/usr/lib/system/libunc.dylib
0x0000000006735000 	/usr/lib/system/libunwind.dylib
0x0000000006735000 	/usr/lib/system/libxpc.dylib
0x0000000006735000 	/usr/lib/libenergytrace.dylib
0x0000000006735000 	/usr/lib/libbsm.0.dylib
0x0000000006735000 	/usr/lib/system/libkxld.dylib
0x0000000006735000 	/usr/lib/libxar.1.dylib
0x0000000006735000 	/usr/lib/libsqlite3.dylib
0x0000000006735000 	/usr/lib/libpam.2.dylib
0x0000000006735000 	/usr/lib/libOpenScriptingUtil.dylib
0x0000000006735000 	/usr/lib/libbz2.1.0.dylib
0x0000000006735000 	/usr/lib/liblzma.5.dylib
0x0000000006735000 	/System/Library/Frameworks/CoreServices.framework/Versions/A/Frameworks/FSEvents.framework/Versions/A/FSEvents
0x0000000006735000 	/System/Library/Frameworks/CoreServices.framework/Versions/A/Frameworks/CarbonCore.framework/Versions/A/CarbonCore
0x0000000006735000 	/System/Library/Frameworks/CoreServices.framework/Versions/A/Frameworks/Metadata.framework/Versions/A/Metadata
0x0000000006735000 	/System/Library/Frameworks/CoreServices.framework/Versions/A/Frameworks/OSServices.framework/Versions/A/OSServices
0x0000000006735000 	/System/Library/Frameworks/CoreServices.framework/Versions/A/Frameworks/SearchKit.framework/Versions/A/SearchKit
0x0000000006735000 	/System/Library/Frameworks/CoreServices.framework/Versions/A/Frameworks/AE.framework/Versions/A/AE
0x0000000006735000 	/System/Library/Frameworks/CoreServices.framework/Versions/A/Frameworks/LaunchServices.framework/Versions/A/LaunchServices
0x0000000006735000 	/System/Library/Frameworks/CoreServices.framework/Versions/A/Frameworks/DictionaryServices.framework/Versions/A/DictionaryServices
0x0000000006735000 	/System/Library/Frameworks/CoreServices.framework/Versions/A/Frameworks/SharedFileList.framework/Versions/A/SharedFileList
0x0000000006735000 	/System/Library/Frameworks/NetFS.framework/Versions/A/NetFS
0x0000000006735000 	/System/Library/PrivateFrameworks/NetAuth.framework/Versions/A/NetAuth
0x0000000006735000 	/System/Library/PrivateFrameworks/login.framework/Versions/A/Frameworks/loginsupport.framework/Versions/A/loginsupport
0x0000000006735000 	/System/Library/PrivateFrameworks/TCC.framework/Versions/A/TCC
0x0000000006735000 	/usr/lib/libmecabra.dylib
0x0000000006735000 	/System/Library/Frameworks/ApplicationServices.framework/Versions/A/Frameworks/ATS.framework/Versions/A/ATS
0x0000000006735000 	/System/Library/Frameworks/ApplicationServices.framework/Versions/A/Frameworks/ColorSync.framework/Versions/A/ColorSync
0x0000000006735000 	/System/Library/Frameworks/ApplicationServices.framework/Versions/A/Frameworks/HIServices.framework/Versions/A/HIServices
0x0000000006735000 	/System/Library/Frameworks/ApplicationServices.framework/Versions/A/Frameworks/LangAnalysis.framework/Versions/A/LangAnalysis
0x0000000006735000 	/System/Library/Frameworks/ApplicationServices.framework/Versions/A/Frameworks/PrintCore.framework/Versions/A/PrintCore
0x0000000006735000 	/System/Library/Frameworks/ApplicationServices.framework/Versions/A/Frameworks/QD.framework/Versions/A/QD
0x0000000006735000 	/System/Library/Frameworks/ApplicationServices.framework/Versions/A/Frameworks/SpeechSynthesis.framework/Versions/A/SpeechSynthesis
0x0000000006735000 	/System/Library/Frameworks/Metal.framework/Versions/A/Metal
0x0000000006735000 	/System/Library/Frameworks/Accelerate.framework/Versions/A/Frameworks/vImage.framework/Versions/A/vImage
0x0000000006735000 	/System/Library/Frameworks/Accelerate.framework/Versions/A/Frameworks/vecLib.framework/Versions/A/vecLib
0x0000000006735000 	/System/Library/Frameworks/Accelerate.framework/Versions/A/Frameworks/vecLib.framework/Versions/A/libvDSP.dylib
0x0000000006735000 	/System/Library/Frameworks/Accelerate.framework/Versions/A/Frameworks/vecLib.framework/Versions/A/libvMisc.dylib
0x0000000006735000 	/System/Library/Frameworks/Accelerate.framework/Versions/A/Frameworks/vecLib.framework/Versions/A/libLAPACK.dylib
0x0000000006735000 	/System/Library/Frameworks/Accelerate.framework/Versions/A/Frameworks/vecLib.framework/Versions/A/libBLAS.dylib
0x0000000006735000 	/System/Library/Frameworks/Accelerate.framework/Versions/A/Frameworks/vecLib.framework/Versions/A/libLinearAlgebra.dylib
0x0000000006735000 	/System/Library/Frameworks/Accelerate.framework/Versions/A/Frameworks/vecLib.framework/Versions/A/libSparseBLAS.dylib
0x0000000006735000 	/System/Library/PrivateFrameworks/GPUCompiler.framework/libmetal_timestamp.dylib
0x0000000006735000 	/System/Library/Frameworks/OpenGL.framework/Versions/A/Libraries/libCoreFSCache.dylib
0x0000000006735000 	/System/Library/PrivateFrameworks/IOAccelerator.framework/Versions/A/IOAccelerator
0x0000000006735000 	/System/Library/Frameworks/ApplicationServices.framework/Versions/A/Frameworks/ATS.framework/Versions/A/Resources/libFontParser.dylib
0x0000000006735000 	/System/Library/Frameworks/ApplicationServices.framework/Versions/A/Frameworks/ATS.framework/Versions/A/Resources/libFontRegistry.dylib
0x0000000006735000 	/System/Library/PrivateFrameworks/AppleVPA.framework/Versions/A/AppleVPA
0x0000000006735000 	/System/Library/PrivateFrameworks/AppleJPEG.framework/Versions/A/AppleJPEG
0x0000000006735000 	/System/Library/Frameworks/ImageIO.framework/Versions/A/Resources/libJPEG.dylib
0x0000000006735000 	/System/Library/Frameworks/ImageIO.framework/Versions/A/Resources/libTIFF.dylib
0x0000000006735000 	/System/Library/Frameworks/ImageIO.framework/Versions/A/Resources/libPng.dylib
0x0000000006735000 	/System/Library/Frameworks/ImageIO.framework/Versions/A/Resources/libGIF.dylib
0x0000000006735000 	/System/Library/Frameworks/ImageIO.framework/Versions/A/Resources/libJP2.dylib
0x0000000006735000 	/System/Library/Frameworks/ImageIO.framework/Versions/A/Resources/libRadiance.dylib
0x0000000006735000 	/System/Library/Frameworks/CoreVideo.framework/Versions/A/CoreVideo
0x0000000006735000 	/System/Library/Frameworks/OpenGL.framework/Versions/A/Libraries/libGLU.dylib
0x0000000006735000 	/System/Library/Frameworks/OpenGL.framework/Versions/A/Libraries/libGFXShared.dylib
0x0000000006735000 	/System/Library/Frameworks/OpenGL.framework/Versions/A/Libraries/libGL.dylib
0x0000000006735000 	/System/Library/Frameworks/OpenGL.framework/Versions/A/Libraries/libGLImage.dylib
0x0000000006735000 	/System/Library/Frameworks/OpenGL.framework/Versions/A/Libraries/libCVMSPluginSupport.dylib
0x0000000006735000 	/System/Library/Frameworks/OpenGL.framework/Versions/A/Libraries/libCoreVMClient.dylib
0x0000000006735000 	/usr/lib/libcups.2.dylib
0x0000000006735000 	/System/Library/Frameworks/Kerberos.framework/Versions/A/Kerberos
0x0000000006735000 	/System/Library/Frameworks/GSS.framework/Versions/A/GSS
0x0000000006735000 	/usr/lib/libresolv.9.dylib
0x0000000006735000 	/usr/lib/libiconv.2.dylib
0x0000000006735000 	/System/Library/PrivateFrameworks/Heimdal.framework/Versions/A/Heimdal
0x0000000006735000 	/usr/lib/libheimdal-asn1.dylib
0x0000000006735000 	/System/Library/Frameworks/OpenDirectory.framework/Versions/A/OpenDirectory
0x0000000006735000 	/System/Library/PrivateFrameworks/CommonAuth.framework/Versions/A/CommonAuth
0x0000000006735000 	/System/Library/Frameworks/OpenDirectory.framework/Versions/A/Frameworks/CFOpenDirectory.framework/Versions/A/CFOpenDirectory
0x0000000006735000 	/System/Library/Frameworks/SecurityFoundation.framework/Versions/A/SecurityFoundation
0x0000000006735000 	/System/Library/PrivateFrameworks/LanguageModeling.framework/Versions/A/LanguageModeling
0x0000000006735000 	/usr/lib/libmarisa.dylib
0x0000000006735000 	/usr/lib/libChineseTokenizer.dylib
0x0000000006735000 	/usr/lib/libcmph.dylib
0x0000000006735000 	/usr/lib/libcompression.dylib
0x0000000006735000 	/System/Library/Frameworks/ServiceManagement.framework/Versions/A/ServiceManagement
0x0000000006735000 	/usr/lib/libxslt.1.dylib
0x0000000006735000 	/System/Library/Frameworks/Carbon.framework/Versions/A/Frameworks/Ink.framework/Versions/A/Ink
0x0000000006735000 	/usr/lib/libFosl_dynamic.dylib
0x0000000006735000 	/System/Library/PrivateFrameworks/FaceCore.framework/Versions/A/FaceCore
0x0000000006735000 	/System/Library/Frameworks/OpenCL.framework/Versions/A/OpenCL
0x0000000006735000 	/System/Library/PrivateFrameworks/CrashReporterSupport.framework/Versions/A/CrashReporterSupport
0x0000000006735000 	/System/Library/PrivateFrameworks/IconServices.framework/Versions/A/IconServices
0x0000000006735000 	/System/Library/PrivateFrameworks/Apple80211.framework/Versions/A/Apple80211
0x0000000006735000 	/System/Library/Frameworks/CoreWLAN.framework/Versions/A/CoreWLAN
0x0000000006735000 	/System/Library/Frameworks/IOBluetooth.framework/Versions/A/IOBluetooth
0x0000000006735000 	/System/Library/PrivateFrameworks/CoreWiFi.framework/Versions/A/CoreWiFi
0x0000000006735000 	/System/Library/Frameworks/CoreBluetooth.framework/Versions/A/CoreBluetooth
0x0000000006735000 	/System/Library/PrivateFrameworks/ChunkingLibrary.framework/Versions/A/ChunkingLibrary
0x0000000006735000 	/System/Library/PrivateFrameworks/DebugSymbols.framework/Versions/A/DebugSymbols
0x0000000006735000 	/System/Library/PrivateFrameworks/CoreSymbolication.framework/Versions/A/CoreSymbolication
0x0000000006735000 	/System/Library/PrivateFrameworks/Symbolication.framework/Versions/A/Symbolication
0x0000000006735000 	/System/Library/PrivateFrameworks/SpeechRecognitionCore.framework/Versions/A/SpeechRecognitionCore
0x000000010e400000 	/Library/Java/JavaVirtualMachines/jdk1.8.0_45.jdk/Contents/Home/jre/lib/server/libjvm.dylib
0x0000000006735000 	/usr/lib/libstdc++.6.dylib
0x000000010db3c000 	/Library/Java/JavaVirtualMachines/jdk1.8.0_45.jdk/Contents/Home/jre/lib/libverify.dylib
0x000000010db4a000 	/Library/Java/JavaVirtualMachines/jdk1.8.0_45.jdk/Contents/Home/jre/lib/libjava.dylib
0x000000010db89000 	/Library/Java/JavaVirtualMachines/jdk1.8.0_45.jdk/Contents/Home/jre/lib/libzip.dylib
0x0000000122706000 	/System/Library/Frameworks/JavaVM.framework/Frameworks/JavaRuntimeSupport.framework/JavaRuntimeSupport
0x0000000122721000 	/System/Library/Frameworks/JavaVM.framework/Versions/A/Frameworks/JavaNativeFoundation.framework/Versions/A/JavaNativeFoundation
0x000000010dbef000 	/System/Library/Frameworks/JavaVM.framework/Versions/A/JavaVM
0x0000000006735000 	/System/Library/Frameworks/Carbon.framework/Versions/A/Carbon
0x0000000122736000 	/System/Library/PrivateFrameworks/JavaLaunching.framework/Versions/A/JavaLaunching
0x0000000006735000 	/System/Library/Frameworks/Carbon.framework/Versions/A/Frameworks/CommonPanels.framework/Versions/A/CommonPanels
0x0000000006735000 	/System/Library/Frameworks/Carbon.framework/Versions/A/Frameworks/Help.framework/Versions/A/Help
0x0000000006735000 	/System/Library/Frameworks/Carbon.framework/Versions/A/Frameworks/ImageCapture.framework/Versions/A/ImageCapture
0x0000000006735000 	/System/Library/Frameworks/Carbon.framework/Versions/A/Frameworks/OpenScripting.framework/Versions/A/OpenScripting
0x0000000006735000 	/System/Library/Frameworks/Carbon.framework/Versions/A/Frameworks/Print.framework/Versions/A/Print
0x0000000006735000 	/System/Library/Frameworks/Carbon.framework/Versions/A/Frameworks/SecurityHI.framework/Versions/A/SecurityHI
0x0000000124203000 	/Library/Java/JavaVirtualMachines/jdk1.8.0_45.jdk/Contents/Home/jre/lib/libnet.dylib
0x0000000124262000 	/Library/Java/JavaVirtualMachines/jdk1.8.0_45.jdk/Contents/Home/jre/lib/libnio.dylib
0x0000000124272000 	/Users/dennes/.gradle/native/19/osx-amd64/libnative-platform.dylib
0x0000000124692000 	/Library/Java/JavaVirtualMachines/jdk1.8.0_45.jdk/Contents/Home/jre/lib/libmanagement.dylib
0x00000001243b3000 	/Library/Java/JavaVirtualMachines/jdk1.8.0_45.jdk/Contents/Home/jre/lib/libsunec.dylib

VM Arguments:
jvm_args: -XX:MaxPermSize=256m -XX:+HeapDumpOnOutOfMemoryError -Xmx1024m -Dfile.encoding=UTF-8 -Duser.country=BR -Duser.language=pt -Duser.variant 
java_command: org.gradle.launcher.daemon.bootstrap.GradleDaemon 2.10
java_class_path (initial): /Users/dennes/.gradle/wrapper/dists/gradle-2.10-all/a4w5fzrkeut1ox71xslb49gst/gradle-2.10/lib/gradle-launcher-2.10.jar
Launcher Type: SUN_STANDARD

Environment Variables:
PATH=/usr/bin:/bin:/usr/sbin:/sbin
SHELL=/bin/bash

Signal Handlers:
SIGSEGV: [libjvm.dylib+0x58ef95], sa_mask[0]=11111111011111110111111111111111, sa_flags=SA_ONSTACK|SA_RESTART|SA_SIGINFO
SIGBUS: [libjvm.dylib+0x58ef95], sa_mask[0]=11111111011111110111111111111111, sa_flags=SA_RESTART|SA_SIGINFO
SIGFPE: [libjvm.dylib+0x46c108], sa_mask[0]=11111111011111110111111111111111, sa_flags=SA_RESTART|SA_SIGINFO
SIGPIPE: [libjvm.dylib+0x46c108], sa_mask[0]=11111111011111110111111111111111, sa_flags=SA_RESTART|SA_SIGINFO
SIGXFSZ: [libjvm.dylib+0x46c108], sa_mask[0]=11111111011111110111111111111111, sa_flags=SA_RESTART|SA_SIGINFO
SIGILL: [libjvm.dylib+0x46c108], sa_mask[0]=11111111011111110111111111111111, sa_flags=SA_RESTART|SA_SIGINFO
SIGUSR1: SIG_DFL, sa_mask[0]=00000000000000000000000000000000, sa_flags=none
SIGUSR2: [libjvm.dylib+0x46bc26], sa_mask[0]=00100000000000000000000000000000, sa_flags=SA_RESTART|SA_SIGINFO
SIGHUP: [libjvm.dylib+0x46a1f9], sa_mask[0]=11111111011111110111111111111111, sa_flags=SA_RESTART|SA_SIGINFO
SIGINT: [libjvm.dylib+0x46a1f9], sa_mask[0]=11111111011111110111111111111111, sa_flags=SA_RESTART|SA_SIGINFO
SIGTERM: [libjvm.dylib+0x46a1f9], sa_mask[0]=11111111011111110111111111111111, sa_flags=SA_RESTART|SA_SIGINFO
SIGQUIT: [libjvm.dylib+0x46a1f9], sa_mask[0]=11111111011111110111111111111111, sa_flags=SA_RESTART|SA_SIGINFO


---------------  S Y S T E M  ---------------

OS:Bsduname:Darwin 15.4.0 Darwin Kernel Version 15.4.0: Fri Feb 26 22:08:05 PST 2016; root:xnu-3248.40.184~3/RELEASE_X86_64 x86_64
rlimit: STACK 8192k, CORE 0k, NPROC 709, NOFILE 10240, AS infinity
load average:2.33 3.11 3.40

CPU:total 4 (2 cores per cpu, 2 threads per core) family 6 model 58 stepping 9, cmov, cx8, fxsr, mmx, sse, sse2, sse3, ssse3, sse4.1, sse4.2, popcnt, avx, aes, clmul, erms, ht, tsc, tscinvbit, tscinv

Memory: 4k page, physical 8388608k(22092k free)

/proc/meminfo:


vm_info: Java HotSpot(TM) 64-Bit Server VM (25.45-b02) for bsd-amd64 JRE (1.8.0_45-b14), built on Apr 10 2015 10:46:38 by "java_re" with gcc 4.2.1 (Based on Apple Inc. build 5658) (LLVM build 2336.11.00)

time: Tue Sep 27 21:52:05 2016
elapsed time: 14353 seconds (0d 3h 59m 13s)

